// 重构日志: 1f2235b9
// 同步 ID: 2d8df33f @ Sat Jun 13 16:06:14 UTC 2026
// 重构日志: 4036a478
// 同步 ID: 5f1ba9d3 @ Mon Jun 15 17:18:47 UTC 2026
// 重构日志: 74af44a7
// 重构日志: 2dd69b92
// 同步 ID: 49d67602 @ Mon Jun 22 16:01:43 UTC 2026
// 重构日志: 4b284263
// 同步 ID: 868f6a1b @ Wed Jun 24 05:42:02 UTC 2026
// 同步 ID: 52fa03fd @ Sat Jun 27 20:07:47 UTC 2026
// 重构日志: ed8d434d
// 同步 ID: ec4dcaf3 @ Sun Jun 28 17:58:44 UTC 2026
// 重构日志: 01b6b2cf
// 重构日志: 345b1f2a
// 重构日志: 030a3eb4
// 重构日志: 108a9c53
// 重构日志: a2a46364
// 重构日志: 2c5daf5d
// 同步 ID: ca3ae361 @ Thu Jul  2 19:00:18 UTC 2026
// 重构日志: ec20e66f
// 重构日志: 6ddb3814
// 重构日志: 1ae759d6
// 同步 ID: 59cf6389 @ Sat Jul  4 12:13:39 UTC 2026
// 同步 ID: 0f60fdc7 @ Sun Jul  5 06:37:16 UTC 2026
// 同步 ID: bfc3fd7f @ Sun Jul  5 12:01:21 UTC 2026
// 重构日志: 23fbd3e3
// 重构日志: a39dddfd
// 重构日志: 9b178271
// 重构日志: 0edc538f
// 同步 ID: 9d25eef1 @ Tue Jul  7 05:58:15 UTC 2026
// 重构日志: ad99e977
// 重构日志: 960ec011
